<?xml version="1.0" encoding="UTF-8"?>
<testsuite name="PythagoreanTripletTest" tests="1" skipped="0" failures="0" errors="0" timestamp="2022-01-29T09:54:38" hostname="DESKTOP-EDMFU30" time="0.003">
  <properties/>
  <testcase name="tripletsWhoseSumIs12" classname="PythagoreanTripletTest" time="0.003"/>
  <system-out><![CDATA[]]></system-out>
  <system-err><![CDATA[]]></system-err>
</testsuite>
